Using pre-set license
Built from '2021.3/release' branch; Version is '2021.3.17f1 (3e8111cac19d) revision 4096273'; Using compiler version '192829333'; Build Type 'Release'
OS: 'Windows 11  (10.0.22621) 64bit Core' Language: 'da' Physical Memory: 15792 MB
BatchMode: 1, IsHumanControllingUs: 0, StartBugReporterOnCrash: 0, Is64bit: 1, IsPro: 1

COMMAND LINE ARGUMENTS:
C:\Program Files\Unity\Hub\Editor\2021.3.17f1\Editor\Unity.exe
-adb2
-batchMode
-noUpm
-name
AssetImportWorker0
-projectPath
C:/Users/lucas/Documents/GitHub/SemProj-4
-logFile
Logs/AssetImportWorker0.log
-srvPort
<<<<<<< HEAD
51067
Successfully changed project path to: C:/Users/lucas/Documents/GitHub/SemProj-4
C:/Users/lucas/Documents/GitHub/SemProj-4
=======
52506
Successfully changed project path to: C:/Users/Victo/Desktop/Unity Stuff/4Semester/SemProj-4
C:/Users/Victo/Desktop/Unity Stuff/4Semester/SemProj-4
>>>>>>> main
[UnityMemory] Configuration Parameters - Can be set up in boot.config
    "memorysetup-bucket-allocator-granularity=16"
    "memorysetup-bucket-allocator-bucket-count=8"
    "memorysetup-bucket-allocator-block-size=33554432"
    "memorysetup-bucket-allocator-block-count=8"
    "memorysetup-main-allocator-block-size=16777216"
    "memorysetup-thread-allocator-block-size=16777216"
    "memorysetup-gfx-main-allocator-block-size=16777216"
    "memorysetup-gfx-thread-allocator-block-size=16777216"
    "memorysetup-cache-allocator-block-size=4194304"
    "memorysetup-typetree-allocator-block-size=2097152"
    "memorysetup-profiler-bucket-allocator-granularity=16"
    "memorysetup-profiler-bucket-allocator-bucket-count=8"
    "memorysetup-profiler-bucket-allocator-block-size=33554432"
    "memorysetup-profiler-bucket-allocator-block-count=8"
    "memorysetup-profiler-allocator-block-size=16777216"
    "memorysetup-profiler-editor-allocator-block-size=1048576"
    "memorysetup-temp-allocator-size-main=16777216"
    "memorysetup-job-temp-allocator-block-size=2097152"
    "memorysetup-job-temp-allocator-block-size-background=1048576"
    "memorysetup-job-temp-allocator-reduction-small-platforms=262144"
    "memorysetup-temp-allocator-size-background-worker=32768"
    "memorysetup-temp-allocator-size-job-worker=262144"
    "memorysetup-temp-allocator-size-preload-manager=33554432"
    "memorysetup-temp-allocator-size-nav-mesh-worker=65536"
    "memorysetup-temp-allocator-size-audio-worker=65536"
    "memorysetup-temp-allocator-size-cloud-worker=32768"
    "memorysetup-temp-allocator-size-gi-baking-worker=262144"
    "memorysetup-temp-allocator-size-gfx=262144"
<<<<<<< HEAD
Player connection [1244] Host "[IP] 10.126.16.86 [Port] 0 [Flags] 2 [Guid] 1733212062 [EditorId] 1733212062 [Version] 1048832 [Id] WindowsEditor(7,Lucas) [Debug] 1 [PackageName] WindowsEditor [ProjectName] Editor" joined multi-casting on [225.0.0.222:54997]...

Player connection [1244] Host "[IP] 10.126.16.86 [Port] 0 [Flags] 2 [Guid] 1733212062 [EditorId] 1733212062 [Version] 1048832 [Id] WindowsEditor(7,Lucas) [Debug] 1 [PackageName] WindowsEditor [ProjectName] Editor" joined alternative multi-casting on [225.0.0.222:34997]...

Refreshing native plugins compatible for Editor in 262.49 ms, found 12 plugins.
Preloading 1 native plugins for Editor in 1.19 ms.
=======
Player connection [15712] Host "[IP] 10.126.48.55 [Port] 0 [Flags] 2 [Guid] 3577982076 [EditorId] 3577982076 [Version] 1048832 [Id] WindowsEditor(7,LAPTOP-N74FENAN) [Debug] 1 [PackageName] WindowsEditor [ProjectName] Editor" joined multi-casting on [225.0.0.222:54997]...

Player connection [15712] Host "[IP] 10.126.48.55 [Port] 0 [Flags] 2 [Guid] 3577982076 [EditorId] 3577982076 [Version] 1048832 [Id] WindowsEditor(7,LAPTOP-N74FENAN) [Debug] 1 [PackageName] WindowsEditor [ProjectName] Editor" joined alternative multi-casting on [225.0.0.222:34997]...

Refreshing native plugins compatible for Editor in 367.25 ms, found 12 plugins.
Preloading 1 native plugins for Editor in 1.71 ms.
>>>>>>> main
Initialize engine version: 2021.3.17f1 (3e8111cac19d)
[Subsystems] Discovering subsystems at path C:/Program Files/Unity/Hub/Editor/2021.3.17f1/Editor/Data/Resources/UnitySubsystems
[Subsystems] Discovering subsystems at path C:/Users/lucas/Documents/GitHub/SemProj-4/Assets
GfxDevice: creating device client; threaded=0; jobified=0
Direct3D:
    Version:  Direct3D 11.0 [level 11.1]
    Renderer: AMD Radeon(TM) Graphics (ID=0x1636)
    Vendor:   ATI
    VRAM:     7896 MB
    Driver:   30.0.13002.19003
Initialize mono
<<<<<<< HEAD
Mono path[0] = 'C:/Program Files/Unity/Hub/Editor/2021.3.17f1/Editor/Data/Managed'
Mono path[1] = 'C:/Program Files/Unity/Hub/Editor/2021.3.17f1/Editor/Data/MonoBleedingEdge/lib/mono/unityjit-win32'
Mono config path = 'C:/Program Files/Unity/Hub/Editor/2021.3.17f1/Editor/Data/MonoBleedingEdge/etc'
Using monoOptions --debugger-agent=transport=dt_socket,embedding=1,server=y,suspend=n,address=127.0.0.1:56936
Begin MonoManager ReloadAssembly
Registering precompiled unity dll's ...
Register platform support module: C:/Program Files/Unity/Hub/Editor/2021.3.17f1/Editor/Data/PlaybackEngines/AndroidPlayer/UnityEditor.Android.Extensions.dll
Register platform support module: C:/Program Files/Unity/Hub/Editor/2021.3.17f1/Editor/Data/PlaybackEngines/WindowsStandaloneSupport/UnityEditor.WindowsStandalone.Extensions.dll
Registered in 0.025751 seconds.
Native extension for WindowsStandalone target not found
Native extension for Android target not found
Android Extension - Scanning For ADB Devices 525 ms
Refreshing native plugins compatible for Editor in 210.92 ms, found 12 plugins.
Preloading 1 native plugins for Editor in 0.20 ms.
Mono: successfully reloaded assembly
- Completed reload, in  1.857 seconds
Domain Reload Profiling:
	ReloadAssembly (1858ms)
		BeginReloadAssembly (149ms)
=======
Mono path[0] = 'C:/Users/Victo/Desktop/Unity Stuff/2021.3.17f1/Editor/Data/Managed'
Mono path[1] = 'C:/Users/Victo/Desktop/Unity Stuff/2021.3.17f1/Editor/Data/MonoBleedingEdge/lib/mono/unityjit-win32'
Mono config path = 'C:/Users/Victo/Desktop/Unity Stuff/2021.3.17f1/Editor/Data/MonoBleedingEdge/etc'
Using monoOptions --debugger-agent=transport=dt_socket,embedding=1,server=y,suspend=n,address=127.0.0.1:56516
Begin MonoManager ReloadAssembly
Registering precompiled unity dll's ...
Register platform support module: C:/Users/Victo/Desktop/Unity Stuff/2021.3.17f1/Editor/Data/PlaybackEngines/AndroidPlayer/UnityEditor.Android.Extensions.dll
Register platform support module: C:/Users/Victo/Desktop/Unity Stuff/2021.3.17f1/Editor/Data/PlaybackEngines/WindowsStandaloneSupport/UnityEditor.WindowsStandalone.Extensions.dll
Registered in 0.036384 seconds.
Native extension for WindowsStandalone target not found
Native extension for Android target not found
Android Extension - Scanning For ADB Devices 990 ms
Refreshing native plugins compatible for Editor in 335.75 ms, found 12 plugins.
Preloading 1 native plugins for Editor in 0.25 ms.
Mono: successfully reloaded assembly
- Completed reload, in  3.282 seconds
Domain Reload Profiling:
	ReloadAssembly (3284ms)
		BeginReloadAssembly (275ms)
>>>>>>> main
			ExecutionOrderSort (0ms)
			DisableScriptedObjects (0ms)
			BackupInstance (0ms)
			ReleaseScriptingObjects (0ms)
<<<<<<< HEAD
			CreateAndSetChildDomain (1ms)
		EndReloadAssembly (1500ms)
			LoadAssemblies (145ms)
			RebuildTransferFunctionScriptingTraits (0ms)
			SetupTypeCache (206ms)
			ReleaseScriptCaches (0ms)
			RebuildScriptCaches (49ms)
			SetupLoadedEditorAssemblies (1139ms)
				LogAssemblyErrors (0ms)
				InitializePlatformSupportModulesInManaged (673ms)
				SetLoadedEditorAssemblies (0ms)
				RefreshPlugins (211ms)
				BeforeProcessingInitializeOnLoad (2ms)
				ProcessInitializeOnLoadAttributes (167ms)
				ProcessInitializeOnLoadMethodAttributes (84ms)
=======
			CreateAndSetChildDomain (2ms)
		EndReloadAssembly (2602ms)
			LoadAssemblies (266ms)
			RebuildTransferFunctionScriptingTraits (0ms)
			SetupTypeCache (386ms)
			ReleaseScriptCaches (0ms)
			RebuildScriptCaches (89ms)
			SetupLoadedEditorAssemblies (1949ms)
				LogAssemblyErrors (0ms)
				InitializePlatformSupportModulesInManaged (1244ms)
				SetLoadedEditorAssemblies (1ms)
				RefreshPlugins (336ms)
				BeforeProcessingInitializeOnLoad (2ms)
				ProcessInitializeOnLoadAttributes (251ms)
				ProcessInitializeOnLoadMethodAttributes (114ms)
>>>>>>> main
				AfterProcessingInitializeOnLoad (0ms)
				EditorAssembliesLoaded (0ms)
			ExecutionOrderSort2 (0ms)
			AwakeInstancesAfterBackupRestoration (0ms)
Platform modules already initialized, skipping
Registering precompiled user dll's ...
<<<<<<< HEAD
Registered in 0.029979 seconds.
=======
Registered in 0.046846 seconds.
>>>>>>> main
Begin MonoManager ReloadAssembly
Symbol file LoadedFromMemory doesn't match image C:\Users\lucas\Documents\GitHub\SemProj-4\Library\PackageCache\com.unity.visualscripting@1.8.0\Editor\VisualScripting.Core\Dependencies\DotNetZip\Unity.VisualScripting.IonicZip.dll
Symbol file LoadedFromMemory doesn't match image C:\Users\lucas\Documents\GitHub\SemProj-4\Library\PackageCache\com.unity.visualscripting@1.8.0\Editor\VisualScripting.Core\Dependencies\YamlDotNet\Unity.VisualScripting.YamlDotNet.dll
Native extension for WindowsStandalone target not found
Native extension for Android target not found
<<<<<<< HEAD
Refreshing native plugins compatible for Editor in 218.00 ms, found 12 plugins.
Preloading 1 native plugins for Editor in 0.22 ms.
=======
Refreshing native plugins compatible for Editor in 333.60 ms, found 12 plugins.
Preloading 1 native plugins for Editor in 0.59 ms.
>>>>>>> main
Package Manager log level set to [2]
System.Reflection.TargetInvocationException: Exception has been thrown by the target of an invocation. ---> System.NullReferenceException: Object reference not set to an instance of an object
  at Unity.XR.Oculus.OculusLoader.AssetPathToAbsolutePath (System.String assetPath) [0x0003d] in C:\Users\lucas\Documents\GitHub\SemProj-4\Library\PackageCache\com.unity.xr.oculus@3.2.2\Runtime\OculusLoader.cs:296 
  at Unity.XR.Oculus.OculusLoader.EditorLoadOVRPlugin () [0x0007b] in C:\Users\lucas\Documents\GitHub\SemProj-4\Library\PackageCache\com.unity.xr.oculus@3.2.2\Runtime\OculusLoader.cs:281 
  at (wrapper managed-to-native) System.Reflection.RuntimeMethodInfo.InternalInvoke(System.Reflection.RuntimeMethodInfo,object,object[],System.Exception&)
  at System.Reflection.RuntimeMethodInfo.Invoke (System.Object obj, System.Reflection.BindingFlags invokeAttr, System.Reflection.Binder binder, System.Object[] parameters, System.Globalization.CultureInfo culture) [0x0006a] in <75633565436c42f0a6426b33f0132ade>:0 
   --- End of inner exception stack trace ---
  at System.Reflection.RuntimeMethodInfo.Invoke (System.Object obj, System.Reflection.BindingFlags invokeAttr, System.Reflection.Binder binder, System.Object[] parameters, System.Globalization.CultureInfo culture) [0x00083] in <75633565436c42f0a6426b33f0132ade>:0 
  at System.Reflection.MethodBase.Invoke (System.Object obj, System.Object[] parameters) [0x00000] in <75633565436c42f0a6426b33f0132ade>:0 
  at UnityEditor.EditorAssemblies.ProcessInitializeOnLoadMethodAttributes () [0x000a5] in <434908727417408abd02bbd1a0835ef8>:0 
UnityEngine.StackTraceUtility:ExtractStackTrace ()
UnityEngine.DebugLogHandler:LogFormat (UnityEngine.LogType,UnityEngine.Object,string,object[])
UnityEngine.Logger:Log (UnityEngine.LogType,object)
UnityEngine.Debug:LogError (object)
UnityEditor.EditorAssemblies:ProcessInitializeOnLoadMethodAttributes ()

Mono: successfully reloaded assembly
<<<<<<< HEAD
- Completed reload, in  2.672 seconds
Domain Reload Profiling:
	ReloadAssembly (2673ms)
		BeginReloadAssembly (209ms)
			ExecutionOrderSort (0ms)
			DisableScriptedObjects (9ms)
			BackupInstance (0ms)
			ReleaseScriptingObjects (0ms)
			CreateAndSetChildDomain (37ms)
		EndReloadAssembly (2202ms)
			LoadAssemblies (226ms)
			RebuildTransferFunctionScriptingTraits (0ms)
			SetupTypeCache (589ms)
			ReleaseScriptCaches (1ms)
			RebuildScriptCaches (124ms)
			SetupLoadedEditorAssemblies (1114ms)
				LogAssemblyErrors (0ms)
				InitializePlatformSupportModulesInManaged (34ms)
				SetLoadedEditorAssemblies (0ms)
				RefreshPlugins (218ms)
				BeforeProcessingInitializeOnLoad (258ms)
				ProcessInitializeOnLoadAttributes (524ms)
				ProcessInitializeOnLoadMethodAttributes (61ms)
				AfterProcessingInitializeOnLoad (19ms)
				EditorAssembliesLoaded (0ms)
			ExecutionOrderSort2 (0ms)
			AwakeInstancesAfterBackupRestoration (9ms)
Platform modules already initialized, skipping
========================================================================
Worker process is ready to serve import requests
Launched and connected shader compiler UnityShaderCompiler.exe after 0.10 seconds
Refreshing native plugins compatible for Editor in 1.49 ms, found 12 plugins.
Preloading 1 native plugins for Editor in 0.24 ms.
Unloading 4832 Unused Serialized files (Serialized files now loaded: 0)
Unloading 56 unused Assets / (153.1 KB). Loaded Objects now: 5286.
Memory consumption went from 181.4 MB to 181.3 MB.
Total: 6.905700 ms (FindLiveObjects: 0.609500 ms CreateObjectMapping: 0.500300 ms MarkObjects: 5.482500 ms  DeleteObjects: 0.311100 ms)
=======
- Completed reload, in  4.445 seconds
Domain Reload Profiling:
	ReloadAssembly (4446ms)
		BeginReloadAssembly (429ms)
			ExecutionOrderSort (0ms)
			DisableScriptedObjects (19ms)
			BackupInstance (0ms)
			ReleaseScriptingObjects (1ms)
			CreateAndSetChildDomain (65ms)
		EndReloadAssembly (3609ms)
			LoadAssemblies (456ms)
			RebuildTransferFunctionScriptingTraits (0ms)
			SetupTypeCache (1071ms)
			ReleaseScriptCaches (5ms)
			RebuildScriptCaches (226ms)
			SetupLoadedEditorAssemblies (1694ms)
				LogAssemblyErrors (0ms)
				InitializePlatformSupportModulesInManaged (54ms)
				SetLoadedEditorAssemblies (3ms)
				RefreshPlugins (335ms)
				BeforeProcessingInitializeOnLoad (286ms)
				ProcessInitializeOnLoadAttributes (818ms)
				ProcessInitializeOnLoadMethodAttributes (169ms)
				AfterProcessingInitializeOnLoad (29ms)
				EditorAssembliesLoaded (0ms)
			ExecutionOrderSort2 (0ms)
			AwakeInstancesAfterBackupRestoration (15ms)
Platform modules already initialized, skipping
========================================================================
Worker process is ready to serve import requests
Launched and connected shader compiler UnityShaderCompiler.exe after 0.15 seconds
Refreshing native plugins compatible for Editor in 3.01 ms, found 12 plugins.
Preloading 1 native plugins for Editor in 0.22 ms.
Unloading 4832 Unused Serialized files (Serialized files now loaded: 0)
Unloading 56 unused Assets / (153.1 KB). Loaded Objects now: 5286.
Memory consumption went from 181.5 MB to 181.3 MB.
Total: 13.507600 ms (FindLiveObjects: 1.006200 ms CreateObjectMapping: 1.370100 ms MarkObjects: 10.552800 ms  DeleteObjects: 0.576300 ms)
>>>>>>> main

AssetImportParameters requested are different than current active one (requested -> active):
  custom:video-decoder-ogg-theora: a1e56fd34408186e4bbccfd4996cb3dc -> 
  custom:container-muxer-webm: aa71ff27fc2769a1b78a27578f13a17b -> 
  custom:container-demuxer-webm: 4f35f7cbe854078d1ac9338744f61a02 -> 
  custom:video-encoder-webm-vp8: eb34c28f22e8b96e1ab97ce403110664 -> 
  custom:video-codec-MediaFoundation-h265: 746d11721c4dcdbdad8f713fa42b33f4 -> 
  custom:audio-encoder-webm-vorbis: bf7c407c2cedff20999df2af8eb42d56 -> 
  custom:framework-win-MediaFoundation: 216162199b28c13a410421893ffa2e32 -> 
  custom:container-demuxer-ogg: 62fdf1f143b41e24485cea50d1cbac27 -> 
  custom:video-decoder-webm-vp8: 9c59270c3fd7afecdb556c50c9e8de78 -> 
  custom:audio-decoder-ogg-vorbis: bf7c407c2cedff20999df2af8eb42d56 -> 
========================================================================
Received Import Request.
<<<<<<< HEAD
  Time since last request: 2366.056734 seconds.
  path: Assets/Fugletårn.blend
  artifactKey: Guid(9a4a0e92d3a7ea74dbc898928385de10) Importer(815301076,1909f56bfc062723c751e8b465ee728b)
Start importing Assets/Fugletårn.blend using Guid(9a4a0e92d3a7ea74dbc898928385de10) Importer(815301076,1909f56bfc062723c751e8b465ee728b)  -> (artifact id: '372cd5f6511b6622469c8e5c2f7b6f1e') in 0.523347 seconds 
========================================================================
Received Import Request.
  Time since last request: 189.842371 seconds.
  path: Assets
  artifactKey: Guid(00000000000000001000000000000000) Importer(815301076,1909f56bfc062723c751e8b465ee728b)
Start importing Assets using Guid(00000000000000001000000000000000) Importer(815301076,1909f56bfc062723c751e8b465ee728b)  -> (artifact id: '79842766b460edbeab6a34051e857a80') in 0.015471 seconds 
========================================================================
Received Import Request.
  Time since last request: 11.148646 seconds.
  path: Assets/New Material.mat
  artifactKey: Guid(1e21d2fbf080d4145a2be839534b5fd4) Importer(815301076,1909f56bfc062723c751e8b465ee728b)
Start importing Assets/New Material.mat using Guid(1e21d2fbf080d4145a2be839534b5fd4) Importer(815301076,1909f56bfc062723c751e8b465ee728b)  -> (artifact id: 'de930e416aa10c9a23c52da8fe8639f3') in 0.050229 seconds 
========================================================================
Received Import Request.
  Time since last request: 21.678652 seconds.
  path: Assets/Brun.mat
  artifactKey: Guid(1e21d2fbf080d4145a2be839534b5fd4) Importer(815301076,1909f56bfc062723c751e8b465ee728b)
Start importing Assets/Brun.mat using Guid(1e21d2fbf080d4145a2be839534b5fd4) Importer(815301076,1909f56bfc062723c751e8b465ee728b)  -> (artifact id: '74d7d3ba758a68a246de2e9c526bb132') in 0.033414 seconds 
=======
  Time since last request: 434578.748651 seconds.
  path: Assets/BrokenVector/LowPolyTreePack/Prefabs/Tree Type0 06.prefab
  artifactKey: Guid(a9cc5585b9634a9449920c03ec6bc243) Importer(815301076,1909f56bfc062723c751e8b465ee728b)
Start importing Assets/BrokenVector/LowPolyTreePack/Prefabs/Tree Type0 06.prefab using Guid(a9cc5585b9634a9449920c03ec6bc243) Importer(815301076,1909f56bfc062723c751e8b465ee728b)  -> (artifact id: '342b5d52ff05cde7bf677c4cff6fa0fe') in 0.400641 seconds 
========================================================================
Received Import Request.
  Time since last request: 0.000146 seconds.
  path: Assets/BrokenVector/LowPolyTreePack/Prefabs/Tree Type0 01.prefab
  artifactKey: Guid(aee731a00031fcc4d9d2b075e528e050) Importer(815301076,1909f56bfc062723c751e8b465ee728b)
Start importing Assets/BrokenVector/LowPolyTreePack/Prefabs/Tree Type0 01.prefab using Guid(aee731a00031fcc4d9d2b075e528e050) Importer(815301076,1909f56bfc062723c751e8b465ee728b)  -> (artifact id: 'd13a156ea76a64264283b4b6d057c21c') in 0.142326 seconds 
========================================================================
Received Import Request.
  Time since last request: 0.000179 seconds.
  path: Assets/BrokenVector/LowPolyTreePack/Prefabs
  artifactKey: Guid(61e2f7a33e5cc384daa2b7f9271e54b6) Importer(815301076,1909f56bfc062723c751e8b465ee728b)
Start importing Assets/BrokenVector/LowPolyTreePack/Prefabs using Guid(61e2f7a33e5cc384daa2b7f9271e54b6) Importer(815301076,1909f56bfc062723c751e8b465ee728b)  -> (artifact id: '119bba0a5cfbb4732d5a40f93b132265') in 0.051753 seconds 
========================================================================
Received Import Request.
  Time since last request: 0.000132 seconds.
  path: Assets/BrokenVector/LowPolyTreePack/Prefabs/Tree Type0 02.prefab
  artifactKey: Guid(5c3cbac9d5eae3844a928d36e6dbd1a6) Importer(815301076,1909f56bfc062723c751e8b465ee728b)
Start importing Assets/BrokenVector/LowPolyTreePack/Prefabs/Tree Type0 02.prefab using Guid(5c3cbac9d5eae3844a928d36e6dbd1a6) Importer(815301076,1909f56bfc062723c751e8b465ee728b)  -> (artifact id: '8e8142bc12ba46207c9278dc66d954be') in 0.111794 seconds 
========================================================================
Received Import Request.
  Time since last request: 0.000056 seconds.
  path: Assets/BrokenVector/LowPolyTreePack
  artifactKey: Guid(762d9af53e4f12743bc5e56e83602567) Importer(815301076,1909f56bfc062723c751e8b465ee728b)
Start importing Assets/BrokenVector/LowPolyTreePack using Guid(762d9af53e4f12743bc5e56e83602567) Importer(815301076,1909f56bfc062723c751e8b465ee728b)  -> (artifact id: '238c8a3c2d244cee92be9b4381ffa3fd') in 0.052039 seconds 
========================================================================
Received Import Request.
  Time since last request: 1.467167 seconds.
  path: Assets/BrokenVector/LowPolyTreePack/Prefabs/Tree Type1 01.prefab
  artifactKey: Guid(fc05c8bfad7df5a4abe568aca7403b9e) Importer(815301076,1909f56bfc062723c751e8b465ee728b)
Start importing Assets/BrokenVector/LowPolyTreePack/Prefabs/Tree Type1 01.prefab using Guid(fc05c8bfad7df5a4abe568aca7403b9e) Importer(815301076,1909f56bfc062723c751e8b465ee728b)  -> (artifact id: '732bbdde19e8644e0b3fc3537a039492') in 0.042743 seconds 
========================================================================
Received Import Request.
  Time since last request: 0.245661 seconds.
  path: Assets/BrokenVector/LowPolyTreePack/Prefabs/Tree Type1 03.prefab
  artifactKey: Guid(55ca4401075700d46a23ae8179a79579) Importer(815301076,1909f56bfc062723c751e8b465ee728b)
Start importing Assets/BrokenVector/LowPolyTreePack/Prefabs/Tree Type1 03.prefab using Guid(55ca4401075700d46a23ae8179a79579) Importer(815301076,1909f56bfc062723c751e8b465ee728b)  -> (artifact id: 'd13d4913a02140d72b472c33448ad11a') in 0.058672 seconds 
========================================================================
Received Import Request.
  Time since last request: 0.000061 seconds.
  path: Assets/BrokenVector/LowPolyTreePack/Prefabs/Tree Type1 05.prefab
  artifactKey: Guid(76be61eeff2e7164cb99e1cf8cf0c22b) Importer(815301076,1909f56bfc062723c751e8b465ee728b)
Start importing Assets/BrokenVector/LowPolyTreePack/Prefabs/Tree Type1 05.prefab using Guid(76be61eeff2e7164cb99e1cf8cf0c22b) Importer(815301076,1909f56bfc062723c751e8b465ee728b)  -> (artifact id: '4e4608918efd132fada8c8b9b397d593') in 0.079171 seconds 
========================================================================
Received Import Request.
  Time since last request: 0.021790 seconds.
  path: Assets/BrokenVector/LowPolyTreePack/Prefabs/Tree Type2 01.prefab
  artifactKey: Guid(78c29697749a6d44e964f9a0cf83d77a) Importer(815301076,1909f56bfc062723c751e8b465ee728b)
Start importing Assets/BrokenVector/LowPolyTreePack/Prefabs/Tree Type2 01.prefab using Guid(78c29697749a6d44e964f9a0cf83d77a) Importer(815301076,1909f56bfc062723c751e8b465ee728b)  -> (artifact id: '9e56c31dac0fa116a4e5bf6c486bbc6b') in 0.081476 seconds 
========================================================================
Received Import Request.
  Time since last request: 0.095146 seconds.
  path: Assets/BrokenVector/LowPolyTreePack/Prefabs/Tree Type2 02.prefab
  artifactKey: Guid(5037d6ea184d2f640bf78dcf9894a269) Importer(815301076,1909f56bfc062723c751e8b465ee728b)
Start importing Assets/BrokenVector/LowPolyTreePack/Prefabs/Tree Type2 02.prefab using Guid(5037d6ea184d2f640bf78dcf9894a269) Importer(815301076,1909f56bfc062723c751e8b465ee728b)  -> (artifact id: '207f4d62d0b3df208648a6fcc026897c') in 0.077081 seconds 
========================================================================
Received Import Request.
  Time since last request: 0.000035 seconds.
  path: Assets/BrokenVector/LowPolyTreePack/Prefabs/Tree Type2 04.prefab
  artifactKey: Guid(99a48108c5a1932488c06e519f6097f4) Importer(815301076,1909f56bfc062723c751e8b465ee728b)
Start importing Assets/BrokenVector/LowPolyTreePack/Prefabs/Tree Type2 04.prefab using Guid(99a48108c5a1932488c06e519f6097f4) Importer(815301076,1909f56bfc062723c751e8b465ee728b)  -> (artifact id: '4b019afbd0f80d9491142c31539ac28b') in 0.093142 seconds 
========================================================================
Received Import Request.
  Time since last request: 0.167553 seconds.
  path: Assets/BrokenVector/LowPolyTreePack/Prefabs/Tree Type2 05.prefab
  artifactKey: Guid(c7bcf19bbfa57ed4ea9147dff66d5542) Importer(815301076,1909f56bfc062723c751e8b465ee728b)
Start importing Assets/BrokenVector/LowPolyTreePack/Prefabs/Tree Type2 05.prefab using Guid(c7bcf19bbfa57ed4ea9147dff66d5542) Importer(815301076,1909f56bfc062723c751e8b465ee728b)  -> (artifact id: 'fc3cbd6ae9f7b5bd7b223f8e5cd4677a') in 0.054259 seconds 
========================================================================
Received Import Request.
  Time since last request: 0.077996 seconds.
  path: Assets/BrokenVector/LowPolyTreePack/Prefabs/Tree Type3 02.prefab
  artifactKey: Guid(7641c7e8354e2c44cab6432d9d2c6d1b) Importer(815301076,1909f56bfc062723c751e8b465ee728b)
Start importing Assets/BrokenVector/LowPolyTreePack/Prefabs/Tree Type3 02.prefab using Guid(7641c7e8354e2c44cab6432d9d2c6d1b) Importer(815301076,1909f56bfc062723c751e8b465ee728b)  -> (artifact id: 'f64f0b2acabec273e5e0cbbf16f3944b') in 0.079909 seconds 
========================================================================
Received Import Request.
  Time since last request: 0.185573 seconds.
  path: Assets/BrokenVector/LowPolyTreePack/Prefabs/Tree Type3 03.prefab
  artifactKey: Guid(a1d34f7914a1d8148a0ce7262f7ba394) Importer(815301076,1909f56bfc062723c751e8b465ee728b)
Start importing Assets/BrokenVector/LowPolyTreePack/Prefabs/Tree Type3 03.prefab using Guid(a1d34f7914a1d8148a0ce7262f7ba394) Importer(815301076,1909f56bfc062723c751e8b465ee728b)  -> (artifact id: '92514de02fcb0f7f10b31dde8a0de41e') in 0.053400 seconds 
========================================================================
Received Import Request.
  Time since last request: 0.000069 seconds.
  path: Assets/BrokenVector/LowPolyTreePack/Prefabs/Tree Type3 05.prefab
  artifactKey: Guid(87a6cef862ce2cb4a88c5ca5d5af5d2b) Importer(815301076,1909f56bfc062723c751e8b465ee728b)
Start importing Assets/BrokenVector/LowPolyTreePack/Prefabs/Tree Type3 05.prefab using Guid(87a6cef862ce2cb4a88c5ca5d5af5d2b) Importer(815301076,1909f56bfc062723c751e8b465ee728b)  -> (artifact id: '21b555dffc1bcb0908f54f4e2bfa4e33') in 0.130435 seconds 
========================================================================
Received Import Request.
  Time since last request: 0.230334 seconds.
  path: Assets/BrokenVector/LowPolyTreePack/Prefabs/Tree Type4 02.prefab
  artifactKey: Guid(38ade0ba7c293f14a9b1b610879e9390) Importer(815301076,1909f56bfc062723c751e8b465ee728b)
Start importing Assets/BrokenVector/LowPolyTreePack/Prefabs/Tree Type4 02.prefab using Guid(38ade0ba7c293f14a9b1b610879e9390) Importer(815301076,1909f56bfc062723c751e8b465ee728b)  -> (artifact id: '3b27c915ae23950dbe47dd65d9702a4b') in 0.066469 seconds 
========================================================================
Received Import Request.
  Time since last request: 0.000056 seconds.
  path: Assets/BrokenVector/LowPolyTreePack/Prefabs/Tree Type4 04.prefab
  artifactKey: Guid(613b4cc8c589ad8458e792ae21891bef) Importer(815301076,1909f56bfc062723c751e8b465ee728b)
Start importing Assets/BrokenVector/LowPolyTreePack/Prefabs/Tree Type4 04.prefab using Guid(613b4cc8c589ad8458e792ae21891bef) Importer(815301076,1909f56bfc062723c751e8b465ee728b)  -> (artifact id: 'b2a27728e2a7b06a90f266f4fe92e571') in 0.136207 seconds 
========================================================================
Received Import Request.
  Time since last request: 0.016703 seconds.
  path: Assets/BrokenVector/LowPolyTreePack/Prefabs/Tree Type5 01.prefab
  artifactKey: Guid(11d469914a0208343b39f04223416f9c) Importer(815301076,1909f56bfc062723c751e8b465ee728b)
Start importing Assets/BrokenVector/LowPolyTreePack/Prefabs/Tree Type5 01.prefab using Guid(11d469914a0208343b39f04223416f9c) Importer(815301076,1909f56bfc062723c751e8b465ee728b)  -> (artifact id: 'b49f4b2c4f671fe4891dfd30df8ec603') in 0.122798 seconds 
========================================================================
Received Import Request.
  Time since last request: 0.000086 seconds.
  path: Assets/BrokenVector/LowPolyTreePack/Prefabs/Tree Type5 03.prefab
  artifactKey: Guid(069e1e44b643edc4fb4a9d4311a78fb7) Importer(815301076,1909f56bfc062723c751e8b465ee728b)
Start importing Assets/BrokenVector/LowPolyTreePack/Prefabs/Tree Type5 03.prefab using Guid(069e1e44b643edc4fb4a9d4311a78fb7) Importer(815301076,1909f56bfc062723c751e8b465ee728b)  -> (artifact id: '04b130a0ed37c64652ae9e39cfecb337') in 0.150250 seconds 
========================================================================
Received Import Request.
  Time since last request: 0.270155 seconds.
  path: Assets/BrokenVector/LowPolyTreePack/Prefabs/Tree Type5 04.prefab
  artifactKey: Guid(1e4e7284c1efd5f4eb702c799353072c) Importer(815301076,1909f56bfc062723c751e8b465ee728b)
Start importing Assets/BrokenVector/LowPolyTreePack/Prefabs/Tree Type5 04.prefab using Guid(1e4e7284c1efd5f4eb702c799353072c) Importer(815301076,1909f56bfc062723c751e8b465ee728b)  -> (artifact id: '295db270d6605e61d38225347a4135f4') in 0.102533 seconds 
========================================================================
Received Import Request.
  Time since last request: 0.338443 seconds.
  path: Assets/BrokenVector/LowPolyTreePack/Prefabs/Tree Type6 01.prefab
  artifactKey: Guid(ec7286e0017272441a3dec9205cb8daf) Importer(815301076,1909f56bfc062723c751e8b465ee728b)
Start importing Assets/BrokenVector/LowPolyTreePack/Prefabs/Tree Type6 01.prefab using Guid(ec7286e0017272441a3dec9205cb8daf) Importer(815301076,1909f56bfc062723c751e8b465ee728b)  -> (artifact id: 'b2ad6230291b7eea8b1c9b2585f997a3') in 0.057666 seconds 
========================================================================
Received Import Request.
  Time since last request: 0.338293 seconds.
  path: Assets/BrokenVector/LowPolyTreePack/Prefabs/Tree Type6 03.prefab
  artifactKey: Guid(98653de49a7044442972e6997c40db16) Importer(815301076,1909f56bfc062723c751e8b465ee728b)
Start importing Assets/BrokenVector/LowPolyTreePack/Prefabs/Tree Type6 03.prefab using Guid(98653de49a7044442972e6997c40db16) Importer(815301076,1909f56bfc062723c751e8b465ee728b)  -> (artifact id: '7778c130476a66ce22cb826c487662ed') in 0.055880 seconds 
========================================================================
Received Import Request.
  Time since last request: 0.116913 seconds.
  path: Assets/BrokenVector/LowPolyTreePack/Prefabs/Tree Type7 01.prefab
  artifactKey: Guid(3fd9507fb16d56044bcf520c1d14427c) Importer(815301076,1909f56bfc062723c751e8b465ee728b)
Start importing Assets/BrokenVector/LowPolyTreePack/Prefabs/Tree Type7 01.prefab using Guid(3fd9507fb16d56044bcf520c1d14427c) Importer(815301076,1909f56bfc062723c751e8b465ee728b)  -> (artifact id: '65c5022bee249765b495cc27c01e3fad') in 0.035250 seconds 
========================================================================
Received Import Request.
  Time since last request: 0.174722 seconds.
  path: Assets/BrokenVector/LowPolyTreePack/Prefabs/Tree Type7 02.prefab
  artifactKey: Guid(107cc8771223daf48be99527559937ff) Importer(815301076,1909f56bfc062723c751e8b465ee728b)
Start importing Assets/BrokenVector/LowPolyTreePack/Prefabs/Tree Type7 02.prefab using Guid(107cc8771223daf48be99527559937ff) Importer(815301076,1909f56bfc062723c751e8b465ee728b)  -> (artifact id: '204819c2224679ec415a90a715075feb') in 0.060322 seconds 
========================================================================
Received Import Request.
  Time since last request: 0.269632 seconds.
  path: Assets/BrokenVector/LowPolyTreePack/Prefabs/Tree Type7 04.prefab
  artifactKey: Guid(3c74caa0496b18d4ba0a1009ebb4c992) Importer(815301076,1909f56bfc062723c751e8b465ee728b)
Start importing Assets/BrokenVector/LowPolyTreePack/Prefabs/Tree Type7 04.prefab using Guid(3c74caa0496b18d4ba0a1009ebb4c992) Importer(815301076,1909f56bfc062723c751e8b465ee728b)  -> (artifact id: '6f6297df4cf00fe7667dfa64e6926c6a') in 0.058837 seconds 
========================================================================
Received Import Request.
  Time since last request: 7.157245 seconds.
  path: Assets/BrokenVector/LowPolyTreePack/Models/Tree Type0 01.dae
  artifactKey: Guid(d2821924b86cff5439f12b0289585dbf) Importer(815301076,1909f56bfc062723c751e8b465ee728b)
Start importing Assets/BrokenVector/LowPolyTreePack/Models/Tree Type0 01.dae using Guid(d2821924b86cff5439f12b0289585dbf) Importer(815301076,1909f56bfc062723c751e8b465ee728b)  -> (artifact id: 'fd1baa8c4a6052a4236ba0064b1c449d') in 0.294162 seconds 
========================================================================
Received Import Request.
  Time since last request: 0.000042 seconds.
  path: Assets/BrokenVector/LowPolyTreePack/Models/Tree Type0 04.dae
  artifactKey: Guid(b4f0e46a9f630054c925d3d92d45584e) Importer(815301076,1909f56bfc062723c751e8b465ee728b)
Start importing Assets/BrokenVector/LowPolyTreePack/Models/Tree Type0 04.dae using Guid(b4f0e46a9f630054c925d3d92d45584e) Importer(815301076,1909f56bfc062723c751e8b465ee728b)  -> (artifact id: 'e6530f9edebe7ac8eac9bba6bafee66f') in 0.104079 seconds 
========================================================================
Received Import Request.
  Time since last request: 0.000068 seconds.
  path: Assets/BrokenVector/LowPolyTreePack/Models/Tree Type0 05.dae
  artifactKey: Guid(c8fd0d31d77530344baa4b459b8e221e) Importer(815301076,1909f56bfc062723c751e8b465ee728b)
Start importing Assets/BrokenVector/LowPolyTreePack/Models/Tree Type0 05.dae using Guid(c8fd0d31d77530344baa4b459b8e221e) Importer(815301076,1909f56bfc062723c751e8b465ee728b)  -> (artifact id: 'a7be49eaed8a6341bc2e487838a6217e') in 0.084367 seconds 
========================================================================
Received Import Request.
  Time since last request: 1.093605 seconds.
  path: Assets/BrokenVector/LowPolyTreePack/Models/Tree Type0 06.dae
  artifactKey: Guid(58e56545a2d219944b78729eaa444a51) Importer(815301076,1909f56bfc062723c751e8b465ee728b)
Start importing Assets/BrokenVector/LowPolyTreePack/Models/Tree Type0 06.dae using Guid(58e56545a2d219944b78729eaa444a51) Importer(815301076,1909f56bfc062723c751e8b465ee728b)  -> (artifact id: '275799ae1ab3e12d2b1a7de0fd1a1b4b') in 0.046349 seconds 
========================================================================
Received Import Request.
  Time since last request: 0.077899 seconds.
  path: Assets/BrokenVector/LowPolyTreePack/Models/Tree Type1 01.dae
  artifactKey: Guid(cb132eeaea305bc478721cc9b5cb57f8) Importer(815301076,1909f56bfc062723c751e8b465ee728b)
Start importing Assets/BrokenVector/LowPolyTreePack/Models/Tree Type1 01.dae using Guid(cb132eeaea305bc478721cc9b5cb57f8) Importer(815301076,1909f56bfc062723c751e8b465ee728b)  -> (artifact id: '51f0456a4aafccfb2caa3f5769eecb93') in 0.064144 seconds 
========================================================================
Received Import Request.
  Time since last request: 0.000044 seconds.
  path: Assets/BrokenVector/LowPolyTreePack/Models/Tree Type1 03.dae
  artifactKey: Guid(dec71bb4e66221144b5db0af9e0f39d5) Importer(815301076,1909f56bfc062723c751e8b465ee728b)
Start importing Assets/BrokenVector/LowPolyTreePack/Models/Tree Type1 03.dae using Guid(dec71bb4e66221144b5db0af9e0f39d5) Importer(815301076,1909f56bfc062723c751e8b465ee728b)  -> (artifact id: 'f59c304a2df5561e2ba0d5f2c33c2711') in 0.168212 seconds 
========================================================================
Received Import Request.
  Time since last request: 0.095788 seconds.
  path: Assets/BrokenVector/LowPolyTreePack/Models/Tree Type1 05.dae
  artifactKey: Guid(f6c597498257ae843adeb6a76dd3013e) Importer(815301076,1909f56bfc062723c751e8b465ee728b)
Start importing Assets/BrokenVector/LowPolyTreePack/Models/Tree Type1 05.dae using Guid(f6c597498257ae843adeb6a76dd3013e) Importer(815301076,1909f56bfc062723c751e8b465ee728b)  -> (artifact id: 'b58474f287d71df93002f45d23b60dc0') in 0.128566 seconds 
========================================================================
Received Import Request.
  Time since last request: 0.000082 seconds.
  path: Assets/BrokenVector/LowPolyTreePack/Models/Tree Type2 02.dae
  artifactKey: Guid(2ea73da7fe37e7b42bb77b26e97df11f) Importer(815301076,1909f56bfc062723c751e8b465ee728b)
Start importing Assets/BrokenVector/LowPolyTreePack/Models/Tree Type2 02.dae using Guid(2ea73da7fe37e7b42bb77b26e97df11f) Importer(815301076,1909f56bfc062723c751e8b465ee728b)  -> (artifact id: 'b897610d79b6782cba7ac2b25733a1cb') in 0.130581 seconds 
========================================================================
Received Import Request.
  Time since last request: 0.093891 seconds.
  path: Assets/BrokenVector/LowPolyTreePack/Models/Tree Type2 04.dae
  artifactKey: Guid(49a13064a6f46f1438de87926fc5fc42) Importer(815301076,1909f56bfc062723c751e8b465ee728b)
Start importing Assets/BrokenVector/LowPolyTreePack/Models/Tree Type2 04.dae using Guid(49a13064a6f46f1438de87926fc5fc42) Importer(815301076,1909f56bfc062723c751e8b465ee728b)  -> (artifact id: 'bbc9877c57bf15797040641bf0c3a64d') in 0.084534 seconds 
========================================================================
Received Import Request.
  Time since last request: 0.000152 seconds.
  path: Assets/BrokenVector/LowPolyTreePack/Models/Tree Type3 02.dae
  artifactKey: Guid(68218c07874adef4fbe8100958fd9117) Importer(815301076,1909f56bfc062723c751e8b465ee728b)
Start importing Assets/BrokenVector/LowPolyTreePack/Models/Tree Type3 02.dae using Guid(68218c07874adef4fbe8100958fd9117) Importer(815301076,1909f56bfc062723c751e8b465ee728b)  -> (artifact id: '2f9d9badf041f318357ce53ee14c3eec') in 0.116815 seconds 
========================================================================
Received Import Request.
  Time since last request: 0.000127 seconds.
  path: Assets/BrokenVector/LowPolyTreePack/Models/Tree Type3 03.dae
  artifactKey: Guid(35c5b6683953dc54f99f68b4a16819f7) Importer(815301076,1909f56bfc062723c751e8b465ee728b)
Start importing Assets/BrokenVector/LowPolyTreePack/Models/Tree Type3 03.dae using Guid(35c5b6683953dc54f99f68b4a16819f7) Importer(815301076,1909f56bfc062723c751e8b465ee728b)  -> (artifact id: '33bfebecc7c44fe4a7f54f5812f4dc4a') in 0.130827 seconds 
========================================================================
Received Import Request.
  Time since last request: 2.947375 seconds.
  path: Assets/BrokenVector/LowPolyTreePack/Models/Tree Type3 04.dae
  artifactKey: Guid(f52689dc8ea801b46874ff4a4a6c328a) Importer(815301076,1909f56bfc062723c751e8b465ee728b)
Start importing Assets/BrokenVector/LowPolyTreePack/Models/Tree Type3 04.dae using Guid(f52689dc8ea801b46874ff4a4a6c328a) Importer(815301076,1909f56bfc062723c751e8b465ee728b)  -> (artifact id: 'a3ac0d0cfcecb736963f6dccf9f3f7c6') in 0.066481 seconds 
========================================================================
Received Import Request.
  Time since last request: 0.000040 seconds.
  path: Assets/BrokenVector/LowPolyTreePack/Models/Tree Type4 01.dae
  artifactKey: Guid(9ddce011fb3cf3341b8c252c9b00cb4c) Importer(815301076,1909f56bfc062723c751e8b465ee728b)
Start importing Assets/BrokenVector/LowPolyTreePack/Models/Tree Type4 01.dae using Guid(9ddce011fb3cf3341b8c252c9b00cb4c) Importer(815301076,1909f56bfc062723c751e8b465ee728b)  -> (artifact id: '55f0fd3b7d454facc607f3f184649479') in 0.124503 seconds 
========================================================================
Received Import Request.
  Time since last request: 0.144008 seconds.
  path: Assets/BrokenVector/LowPolyTreePack/Models/Tree Type4 03.dae
  artifactKey: Guid(10155e34e1176c3489486fbf0cef1736) Importer(815301076,1909f56bfc062723c751e8b465ee728b)
Start importing Assets/BrokenVector/LowPolyTreePack/Models/Tree Type4 03.dae using Guid(10155e34e1176c3489486fbf0cef1736) Importer(815301076,1909f56bfc062723c751e8b465ee728b)  -> (artifact id: '498285a9def55429aba4aa381e56bb66') in 0.050117 seconds 
========================================================================
Received Import Request.
  Time since last request: 0.000072 seconds.
  path: Assets/BrokenVector/LowPolyTreePack/Models/Tree Type4 05.dae
  artifactKey: Guid(05f4a294fb6ca7e4c87b33948d1ebec3) Importer(815301076,1909f56bfc062723c751e8b465ee728b)
Start importing Assets/BrokenVector/LowPolyTreePack/Models/Tree Type4 05.dae using Guid(05f4a294fb6ca7e4c87b33948d1ebec3) Importer(815301076,1909f56bfc062723c751e8b465ee728b)  -> (artifact id: '0f1353c8cf2c7030a8ef93002272ab71') in 0.165928 seconds 
========================================================================
Received Import Request.
  Time since last request: 0.000074 seconds.
  path: Assets/BrokenVector/LowPolyTreePack/Models/Tree Type6 02.dae
  artifactKey: Guid(a502c85dd672f8d428b76fd14220881f) Importer(815301076,1909f56bfc062723c751e8b465ee728b)
Start importing Assets/BrokenVector/LowPolyTreePack/Models/Tree Type6 02.dae using Guid(a502c85dd672f8d428b76fd14220881f) Importer(815301076,1909f56bfc062723c751e8b465ee728b)  -> (artifact id: 'e60a38fc1f828471053f131356b683a3') in 0.125960 seconds 
========================================================================
Received Import Request.
  Time since last request: 0.000037 seconds.
  path: Assets/BrokenVector/LowPolyTreePack/Models/Tree Type6 03.dae
  artifactKey: Guid(f6e7f2100b2c5544d94468d977d66b29) Importer(815301076,1909f56bfc062723c751e8b465ee728b)
Start importing Assets/BrokenVector/LowPolyTreePack/Models/Tree Type6 03.dae using Guid(f6e7f2100b2c5544d94468d977d66b29) Importer(815301076,1909f56bfc062723c751e8b465ee728b)  -> (artifact id: '86a39792e9a9cda550e53a19011c8778') in 0.133938 seconds 
========================================================================
Received Import Request.
  Time since last request: 0.000053 seconds.
  path: Assets/BrokenVector/LowPolyTreePack/Models/Tree Type6 01.dae
  artifactKey: Guid(d508de2584ef7734aa500f5c47210151) Importer(815301076,1909f56bfc062723c751e8b465ee728b)
Start importing Assets/BrokenVector/LowPolyTreePack/Models/Tree Type6 01.dae using Guid(d508de2584ef7734aa500f5c47210151) Importer(815301076,1909f56bfc062723c751e8b465ee728b)  -> (artifact id: '0f34ddbf4a286db9ff7f6a0abbed06f0') in 0.179127 seconds 
========================================================================
Received Import Request.
  Time since last request: 0.000052 seconds.
  path: Assets/BrokenVector/LowPolyTreePack/Models/Tree Type7 03.dae
  artifactKey: Guid(32b2d01a42b6ac84d9e11d5f05c569e1) Importer(815301076,1909f56bfc062723c751e8b465ee728b)
Start importing Assets/BrokenVector/LowPolyTreePack/Models/Tree Type7 03.dae using Guid(32b2d01a42b6ac84d9e11d5f05c569e1) Importer(815301076,1909f56bfc062723c751e8b465ee728b)  -> (artifact id: 'dbb93fe01cc8ccf3d127ffb9efced2dc') in 0.146943 seconds 
========================================================================
Received Import Request.
  Time since last request: 0.000047 seconds.
  path: Assets/BrokenVector/LowPolyTreePack/Models/Tree Type6 04.dae
  artifactKey: Guid(66f0726e43c72a94aa9dc7aa4b6cbfe0) Importer(815301076,1909f56bfc062723c751e8b465ee728b)
Start importing Assets/BrokenVector/LowPolyTreePack/Models/Tree Type6 04.dae using Guid(66f0726e43c72a94aa9dc7aa4b6cbfe0) Importer(815301076,1909f56bfc062723c751e8b465ee728b)  -> (artifact id: '11291580c155c036d441021db8921f33') in 0.178485 seconds 
========================================================================
Received Import Request.
  Time since last request: 3.863623 seconds.
  path: Assets/BrokenVector/LowPolyTreePack/Materials/Cold.mat
  artifactKey: Guid(d945c681c4504df439962c1a6f33d8af) Importer(815301076,1909f56bfc062723c751e8b465ee728b)
Start importing Assets/BrokenVector/LowPolyTreePack/Materials/Cold.mat using Guid(d945c681c4504df439962c1a6f33d8af) Importer(815301076,1909f56bfc062723c751e8b465ee728b)  -> (artifact id: 'a195a9328a6fb7c66066ecd4ff6be66b') in 0.143072 seconds 
========================================================================
Received Import Request.
  Time since last request: 25.637834 seconds.
  path: Assets/BrokenVector/LowPolyTreePack/Textures/Colorsheet Tree Cold.png
  artifactKey: Guid(ed297eb21cb5e5e4188600ba2d272554) Importer(815301076,1909f56bfc062723c751e8b465ee728b)
Start importing Assets/BrokenVector/LowPolyTreePack/Textures/Colorsheet Tree Cold.png using Guid(ed297eb21cb5e5e4188600ba2d272554) Importer(815301076,1909f56bfc062723c751e8b465ee728b)  -> (artifact id: 'e7a065efb9911bcbc0a064c243b89501') in 0.179048 seconds 
========================================================================
Received Import Request.
  Time since last request: 0.000051 seconds.
  path: Assets/BrokenVector/LowPolyTreePack/Textures/Colorsheet Tree Normal.png
  artifactKey: Guid(8ba8b94b5ab0c214fa2810a7df98a1a9) Importer(815301076,1909f56bfc062723c751e8b465ee728b)
Start importing Assets/BrokenVector/LowPolyTreePack/Textures/Colorsheet Tree Normal.png using Guid(8ba8b94b5ab0c214fa2810a7df98a1a9) Importer(815301076,1909f56bfc062723c751e8b465ee728b)  -> (artifact id: '7f5c40a8786ea8f1260043c964041698') in 0.124899 seconds 
========================================================================
Received Import Request.
  Time since last request: 75.649905 seconds.
  path: Assets/Samples/XR Interaction Toolkit/2.2.0/Starter Assets/Prefabs/Teleport/Blocking Teleport Reticle.prefab
  artifactKey: Guid(a3fde713df4d99042a0403c4be9eea32) Importer(815301076,1909f56bfc062723c751e8b465ee728b)
Start importing Assets/Samples/XR Interaction Toolkit/2.2.0/Starter Assets/Prefabs/Teleport/Blocking Teleport Reticle.prefab using Guid(a3fde713df4d99042a0403c4be9eea32) Importer(815301076,1909f56bfc062723c751e8b465ee728b)  -> (artifact id: '55a28984af53d09e51e273e330e6be0a') in 0.063884 seconds 
========================================================================
Received Import Request.
  Time since last request: 0.000038 seconds.
  path: Assets/Samples/XR Interaction Toolkit/2.2.0/Starter Assets/Prefabs/XR Origin Pieces/Direct Interactor.prefab
  artifactKey: Guid(2fd3e07afe5b461490fb8e314976b1b0) Importer(815301076,1909f56bfc062723c751e8b465ee728b)
Start importing Assets/Samples/XR Interaction Toolkit/2.2.0/Starter Assets/Prefabs/XR Origin Pieces/Direct Interactor.prefab using Guid(2fd3e07afe5b461490fb8e314976b1b0) Importer(815301076,1909f56bfc062723c751e8b465ee728b)  -> (artifact id: '4fdf66f9a93b10448a16de53c45517c4') in 0.075318 seconds 
========================================================================
Received Import Request.
  Time since last request: 0.000151 seconds.
  path: Assets/Samples/XR Interaction Toolkit/2.2.0/Starter Assets/Prefabs/Teleport/Directional Teleport Reticle.prefab
  artifactKey: Guid(893219773891c784ab469a39151879b4) Importer(815301076,1909f56bfc062723c751e8b465ee728b)
Start importing Assets/Samples/XR Interaction Toolkit/2.2.0/Starter Assets/Prefabs/Teleport/Directional Teleport Reticle.prefab using Guid(893219773891c784ab469a39151879b4) Importer(815301076,1909f56bfc062723c751e8b465ee728b)  -> (artifact id: '595e9cd0b66b4b01b1b6e5b1555b75cb') in 0.161844 seconds 
========================================================================
Received Import Request.
  Time since last request: 0.000037 seconds.
  path: Assets/Samples/XR Interaction Toolkit/2.2.0/Starter Assets/Prefabs/Interactables/Interactable Velocity Tracked Wedge.prefab
  artifactKey: Guid(d5615d616019430d9c2e8727e71c97fb) Importer(815301076,1909f56bfc062723c751e8b465ee728b)
Start importing Assets/Samples/XR Interaction Toolkit/2.2.0/Starter Assets/Prefabs/Interactables/Interactable Velocity Tracked Wedge.prefab using Guid(d5615d616019430d9c2e8727e71c97fb) Importer(815301076,1909f56bfc062723c751e8b465ee728b)  -> (artifact id: '960bbc0e43bcbabf4520f21d09db21cf') in 0.149836 seconds 
========================================================================
Received Import Request.
  Time since last request: 0.000144 seconds.
  path: Assets/Samples/XR Interaction Toolkit/2.2.0/Starter Assets/Prefabs/Complete XR Origin Set Up.prefab
  artifactKey: Guid(895f6f3c2d334633b5800312285058d2) Importer(815301076,1909f56bfc062723c751e8b465ee728b)
Start importing Assets/Samples/XR Interaction Toolkit/2.2.0/Starter Assets/Prefabs/Complete XR Origin Set Up.prefab using Guid(895f6f3c2d334633b5800312285058d2) Importer(815301076,1909f56bfc062723c751e8b465ee728b)  -> (artifact id: 'a787bf17971c026789e2042552fef3a0') in 0.484009 seconds 
========================================================================
Received Import Request.
  Time since last request: 0.927517 seconds.
  path: Assets/Samples/XR Interaction Toolkit/2.2.0/Starter Assets/Prefabs/Interactables Sample.prefab
  artifactKey: Guid(6821e1b7f44d8c44b8a2ba02f37309d5) Importer(815301076,1909f56bfc062723c751e8b465ee728b)
Start importing Assets/Samples/XR Interaction Toolkit/2.2.0/Starter Assets/Prefabs/Interactables Sample.prefab using Guid(6821e1b7f44d8c44b8a2ba02f37309d5) Importer(815301076,1909f56bfc062723c751e8b465ee728b)  -> (artifact id: 'fa6010eced14a636f8f66db372808ae9') in 0.079012 seconds 
========================================================================
Received Import Request.
  Time since last request: 0.450635 seconds.
  path: Assets/Samples/XR Interaction Toolkit/2.2.0/Starter Assets/Prefabs/UI/ModalSingleButton.prefab
  artifactKey: Guid(c24a7635b5761984d81cf6c4aac26e0d) Importer(815301076,1909f56bfc062723c751e8b465ee728b)
Start importing Assets/Samples/XR Interaction Toolkit/2.2.0/Starter Assets/Prefabs/UI/ModalSingleButton.prefab using Guid(c24a7635b5761984d81cf6c4aac26e0d) Importer(815301076,1909f56bfc062723c751e8b465ee728b)  -> (artifact id: '5d35a65cb8e39886c0ab041bcd3fe566') in 0.072547 seconds 
========================================================================
Received Import Request.
  Time since last request: 0.059961 seconds.
  path: Assets/Samples/XR Interaction Toolkit/2.2.0/Starter Assets/Models/Primitive_Pyramid.fbx
  artifactKey: Guid(63e02ddb08ce42da868504e1333d48ae) Importer(815301076,1909f56bfc062723c751e8b465ee728b)
Start importing Assets/Samples/XR Interaction Toolkit/2.2.0/Starter Assets/Models/Primitive_Pyramid.fbx using Guid(63e02ddb08ce42da868504e1333d48ae) Importer(815301076,1909f56bfc062723c751e8b465ee728b)  -> (artifact id: '661b957acb441b07b5ef3ee5485c7cd7') in 0.179761 seconds 
========================================================================
Received Import Request.
  Time since last request: 0.213955 seconds.
  path: Assets/Samples/XR Interaction Toolkit/2.2.0/Starter Assets/Models/Primitive_Wedge.fbx
  artifactKey: Guid(ab3a79eba4de4be0ad5fead9fb858190) Importer(815301076,1909f56bfc062723c751e8b465ee728b)
Start importing Assets/Samples/XR Interaction Toolkit/2.2.0/Starter Assets/Models/Primitive_Wedge.fbx using Guid(ab3a79eba4de4be0ad5fead9fb858190) Importer(815301076,1909f56bfc062723c751e8b465ee728b)  -> (artifact id: '2d4ab5606c4dac9dc34760ecd5444cb7') in 0.080969 seconds 
========================================================================
Received Import Request.
  Time since last request: 0.000051 seconds.
  path: Assets/Samples/XR Interaction Toolkit/2.2.0/Starter Assets/Prefabs/XR Origin Pieces/Teleport Interactor.prefab
  artifactKey: Guid(c1800acf6366418a9b5f610249000331) Importer(815301076,1909f56bfc062723c751e8b465ee728b)
Start importing Assets/Samples/XR Interaction Toolkit/2.2.0/Starter Assets/Prefabs/XR Origin Pieces/Teleport Interactor.prefab using Guid(c1800acf6366418a9b5f610249000331) Importer(815301076,1909f56bfc062723c751e8b465ee728b)  -> (artifact id: '1f5093e9e940ad2a62bd638a6cdd9b53') in 0.184671 seconds 
========================================================================
Received Import Request.
  Time since last request: 0.000061 seconds.
  path: Assets/Samples/XR Interaction Toolkit/2.2.0/Starter Assets/Prefabs/Teleport/Teleport Area.prefab
  artifactKey: Guid(beb4e2871579447497fe41dfb108e2cd) Importer(815301076,1909f56bfc062723c751e8b465ee728b)
Start importing Assets/Samples/XR Interaction Toolkit/2.2.0/Starter Assets/Prefabs/Teleport/Teleport Area.prefab using Guid(beb4e2871579447497fe41dfb108e2cd) Importer(815301076,1909f56bfc062723c751e8b465ee728b)  -> (artifact id: '8b8f4469f69c2cafb0efff14c045ff85') in 0.163901 seconds 
========================================================================
Received Import Request.
  Time since last request: 177.245827 seconds.
  path: Assets/BrokenVector/LowPolyTreePack/Prefabs/Tree Type0 02.prefab
  artifactKey: Guid(5c3cbac9d5eae3844a928d36e6dbd1a6) Importer(815301076,1909f56bfc062723c751e8b465ee728b)
Start importing Assets/BrokenVector/LowPolyTreePack/Prefabs/Tree Type0 02.prefab using Guid(5c3cbac9d5eae3844a928d36e6dbd1a6) Importer(815301076,1909f56bfc062723c751e8b465ee728b)  -> (artifact id: '49ad390f113be4522316f81577c54ba7') in 0.070432 seconds 
========================================================================
Received Import Request.
  Time since last request: 2.834120 seconds.
  path: Assets/BrokenVector/LowPolyTreePack/Prefabs/Tree Type0 02.prefab
  artifactKey: Guid(5c3cbac9d5eae3844a928d36e6dbd1a6) Importer(815301076,1909f56bfc062723c751e8b465ee728b)
Start importing Assets/BrokenVector/LowPolyTreePack/Prefabs/Tree Type0 02.prefab using Guid(5c3cbac9d5eae3844a928d36e6dbd1a6) Importer(815301076,1909f56bfc062723c751e8b465ee728b)  -> (artifact id: '3b5dcc0c8238d7f4623691aa7590de5f') in 0.065762 seconds 
========================================================================
Received Import Request.
  Time since last request: 2.058523 seconds.
  path: Assets/BrokenVector/LowPolyTreePack/Prefabs/Tree Type0 02.prefab
  artifactKey: Guid(5c3cbac9d5eae3844a928d36e6dbd1a6) Importer(815301076,1909f56bfc062723c751e8b465ee728b)
Start importing Assets/BrokenVector/LowPolyTreePack/Prefabs/Tree Type0 02.prefab using Guid(5c3cbac9d5eae3844a928d36e6dbd1a6) Importer(815301076,1909f56bfc062723c751e8b465ee728b)  -> (artifact id: '79115b626411c713512e37920b1886d7') in 0.069794 seconds 
========================================================================
Received Import Request.
  Time since last request: 28.950882 seconds.
  path: Assets/BrokenVector/LowPolyTreePack/Prefabs/Tree Type6 02.prefab
  artifactKey: Guid(ac00d368a6864c04791bc85c5567bd51) Importer(815301076,1909f56bfc062723c751e8b465ee728b)
Start importing Assets/BrokenVector/LowPolyTreePack/Prefabs/Tree Type6 02.prefab using Guid(ac00d368a6864c04791bc85c5567bd51) Importer(815301076,1909f56bfc062723c751e8b465ee728b)  -> (artifact id: 'd80406ce4adb1199d12b0928bb8ba709') in 0.075657 seconds 
========================================================================
Received Import Request.
  Time since last request: 1.641010 seconds.
  path: Assets/BrokenVector/LowPolyTreePack/Prefabs/Tree Type6 02.prefab
  artifactKey: Guid(ac00d368a6864c04791bc85c5567bd51) Importer(815301076,1909f56bfc062723c751e8b465ee728b)
Start importing Assets/BrokenVector/LowPolyTreePack/Prefabs/Tree Type6 02.prefab using Guid(ac00d368a6864c04791bc85c5567bd51) Importer(815301076,1909f56bfc062723c751e8b465ee728b)  -> (artifact id: 'e1694a3b30d07c276c974b99c2fcbc0b') in 0.058744 seconds 
========================================================================
Received Import Request.
  Time since last request: 5.350600 seconds.
  path: Assets/BrokenVector/LowPolyTreePack/Prefabs/Tree Type6 02.prefab
  artifactKey: Guid(ac00d368a6864c04791bc85c5567bd51) Importer(815301076,1909f56bfc062723c751e8b465ee728b)
Start importing Assets/BrokenVector/LowPolyTreePack/Prefabs/Tree Type6 02.prefab using Guid(ac00d368a6864c04791bc85c5567bd51) Importer(815301076,1909f56bfc062723c751e8b465ee728b)  -> (artifact id: 'dd14ce6f9b77fca67a7415257fab0a62') in 0.044656 seconds 
========================================================================
Received Import Request.
  Time since last request: 49.032625 seconds.
  path: Assets/BrokenVector/LowPolyTreePack/Prefabs/Tree Type6 02.prefab
  artifactKey: Guid(ac00d368a6864c04791bc85c5567bd51) Importer(815301076,1909f56bfc062723c751e8b465ee728b)
Start importing Assets/BrokenVector/LowPolyTreePack/Prefabs/Tree Type6 02.prefab using Guid(ac00d368a6864c04791bc85c5567bd51) Importer(815301076,1909f56bfc062723c751e8b465ee728b)  -> (artifact id: '67c83422cebae7a14b3f0aa58895eb51') in 0.064077 seconds 
========================================================================
Received Import Request.
  Time since last request: 1.478026 seconds.
  path: Assets/BrokenVector/LowPolyTreePack/Prefabs/Tree Type6 02.prefab
  artifactKey: Guid(ac00d368a6864c04791bc85c5567bd51) Importer(815301076,1909f56bfc062723c751e8b465ee728b)
Start importing Assets/BrokenVector/LowPolyTreePack/Prefabs/Tree Type6 02.prefab using Guid(ac00d368a6864c04791bc85c5567bd51) Importer(815301076,1909f56bfc062723c751e8b465ee728b)  -> (artifact id: '5ae63a7f57df03169b83771777554f0e') in 0.051454 seconds 
========================================================================
Received Import Request.
  Time since last request: 2.361797 seconds.
  path: Assets/BrokenVector/LowPolyTreePack/Prefabs/Tree Type6 02.prefab
  artifactKey: Guid(ac00d368a6864c04791bc85c5567bd51) Importer(815301076,1909f56bfc062723c751e8b465ee728b)
Start importing Assets/BrokenVector/LowPolyTreePack/Prefabs/Tree Type6 02.prefab using Guid(ac00d368a6864c04791bc85c5567bd51) Importer(815301076,1909f56bfc062723c751e8b465ee728b)  -> (artifact id: '3b47b449320f54a77303e7ea86dc0b15') in 0.095770 seconds 
========================================================================
Received Import Request.
  Time since last request: 93.327918 seconds.
  path: Assets/BrokenVector/LowPolyTreePack/Prefabs/Tree Type6 02.prefab
  artifactKey: Guid(ac00d368a6864c04791bc85c5567bd51) Importer(815301076,1909f56bfc062723c751e8b465ee728b)
Start importing Assets/BrokenVector/LowPolyTreePack/Prefabs/Tree Type6 02.prefab using Guid(ac00d368a6864c04791bc85c5567bd51) Importer(815301076,1909f56bfc062723c751e8b465ee728b)  -> (artifact id: 'e0e93a433ab2ba3928fa0ecb44bc0cef') in 0.047597 seconds 
========================================================================
Received Import Request.
  Time since last request: 1.900981 seconds.
  path: Assets/BrokenVector/LowPolyTreePack/Prefabs/Tree Type6 02.prefab
  artifactKey: Guid(ac00d368a6864c04791bc85c5567bd51) Importer(815301076,1909f56bfc062723c751e8b465ee728b)
Start importing Assets/BrokenVector/LowPolyTreePack/Prefabs/Tree Type6 02.prefab using Guid(ac00d368a6864c04791bc85c5567bd51) Importer(815301076,1909f56bfc062723c751e8b465ee728b)  -> (artifact id: '3e1c971a443d493205cdf5660a5509be') in 0.034456 seconds 
========================================================================
Received Import Request.
  Time since last request: 1.696573 seconds.
  path: Assets/BrokenVector/LowPolyTreePack/Prefabs/Tree Type6 02.prefab
  artifactKey: Guid(ac00d368a6864c04791bc85c5567bd51) Importer(815301076,1909f56bfc062723c751e8b465ee728b)
Start importing Assets/BrokenVector/LowPolyTreePack/Prefabs/Tree Type6 02.prefab using Guid(ac00d368a6864c04791bc85c5567bd51) Importer(815301076,1909f56bfc062723c751e8b465ee728b)  -> (artifact id: '6ee137d06c97c2554a6c8e7fc03231b3') in 0.068418 seconds 
========================================================================
Received Import Request.
  Time since last request: 105.269086 seconds.
  path: Assets/BrokenVector/LowPolyTreePack/Prefabs/Tree Type0 02.prefab
  artifactKey: Guid(5c3cbac9d5eae3844a928d36e6dbd1a6) Importer(815301076,1909f56bfc062723c751e8b465ee728b)
Start importing Assets/BrokenVector/LowPolyTreePack/Prefabs/Tree Type0 02.prefab using Guid(5c3cbac9d5eae3844a928d36e6dbd1a6) Importer(815301076,1909f56bfc062723c751e8b465ee728b)  -> (artifact id: '911a5723828bdf23f33e89d96b150349') in 0.052836 seconds 
========================================================================
Received Import Request.
  Time since last request: 1.334866 seconds.
  path: Assets/BrokenVector/LowPolyTreePack/Prefabs/Tree Type0 02.prefab
  artifactKey: Guid(5c3cbac9d5eae3844a928d36e6dbd1a6) Importer(815301076,1909f56bfc062723c751e8b465ee728b)
Start importing Assets/BrokenVector/LowPolyTreePack/Prefabs/Tree Type0 02.prefab using Guid(5c3cbac9d5eae3844a928d36e6dbd1a6) Importer(815301076,1909f56bfc062723c751e8b465ee728b)  -> (artifact id: 'af442efd52cb57a7b8ff66f865f1cab5') in 0.095879 seconds 
========================================================================
Received Import Request.
  Time since last request: 1.226864 seconds.
  path: Assets/BrokenVector/LowPolyTreePack/Prefabs/Tree Type0 02.prefab
  artifactKey: Guid(5c3cbac9d5eae3844a928d36e6dbd1a6) Importer(815301076,1909f56bfc062723c751e8b465ee728b)
Start importing Assets/BrokenVector/LowPolyTreePack/Prefabs/Tree Type0 02.prefab using Guid(5c3cbac9d5eae3844a928d36e6dbd1a6) Importer(815301076,1909f56bfc062723c751e8b465ee728b)  -> (artifact id: 'fb7f11e04537afd81d5b7544d3514825') in 0.048061 seconds 
========================================================================
Received Import Request.
  Time since last request: 241.462643 seconds.
  path: Assets/BrokenVector/LowPolyTreePack/Prefabs/Tree Type2 01.prefab
  artifactKey: Guid(78c29697749a6d44e964f9a0cf83d77a) Importer(815301076,1909f56bfc062723c751e8b465ee728b)
Start importing Assets/BrokenVector/LowPolyTreePack/Prefabs/Tree Type2 01.prefab using Guid(78c29697749a6d44e964f9a0cf83d77a) Importer(815301076,1909f56bfc062723c751e8b465ee728b)  -> (artifact id: 'd763f31e30b8bf6c78202fc04278fce6') in 0.085085 seconds 
========================================================================
Received Import Request.
  Time since last request: 0.023110 seconds.
  path: Assets/BrokenVector/LowPolyTreePack/Prefabs/Tree Type0 01.prefab
  artifactKey: Guid(aee731a00031fcc4d9d2b075e528e050) Importer(815301076,1909f56bfc062723c751e8b465ee728b)
Start importing Assets/BrokenVector/LowPolyTreePack/Prefabs/Tree Type0 01.prefab using Guid(aee731a00031fcc4d9d2b075e528e050) Importer(815301076,1909f56bfc062723c751e8b465ee728b)  -> (artifact id: '9a5e832868134dd05cf8682498664b06') in 0.098220 seconds 
========================================================================
Received Import Request.
  Time since last request: 0.000036 seconds.
  path: Assets/BrokenVector/LowPolyTreePack/Prefabs/Tree Type0 05.prefab
  artifactKey: Guid(9469bb1d3aa88ca40aa4079e96a27f8e) Importer(815301076,1909f56bfc062723c751e8b465ee728b)
Start importing Assets/BrokenVector/LowPolyTreePack/Prefabs/Tree Type0 05.prefab using Guid(9469bb1d3aa88ca40aa4079e96a27f8e) Importer(815301076,1909f56bfc062723c751e8b465ee728b)  -> (artifact id: '4fe502824208c1a1f1db119ab7840e9c') in 0.063936 seconds 
========================================================================
Received Import Request.
  Time since last request: 3.927932 seconds.
  path: Assets/BrokenVector/LowPolyTreePack/Prefabs/Tree Type2 01.prefab
  artifactKey: Guid(78c29697749a6d44e964f9a0cf83d77a) Importer(815301076,1909f56bfc062723c751e8b465ee728b)
Start importing Assets/BrokenVector/LowPolyTreePack/Prefabs/Tree Type2 01.prefab using Guid(78c29697749a6d44e964f9a0cf83d77a) Importer(815301076,1909f56bfc062723c751e8b465ee728b)  -> (artifact id: 'e2fb3e6d4670d4b338fab931d40e7c85') in 0.079057 seconds 
========================================================================
Received Import Request.
  Time since last request: 0.040115 seconds.
  path: Assets/BrokenVector/LowPolyTreePack/Prefabs/Tree Type0 01.prefab
  artifactKey: Guid(aee731a00031fcc4d9d2b075e528e050) Importer(815301076,1909f56bfc062723c751e8b465ee728b)
Start importing Assets/BrokenVector/LowPolyTreePack/Prefabs/Tree Type0 01.prefab using Guid(aee731a00031fcc4d9d2b075e528e050) Importer(815301076,1909f56bfc062723c751e8b465ee728b)  -> (artifact id: '6140d60af1a4df732ec13fdb70063e77') in 0.210096 seconds 
========================================================================
Received Import Request.
  Time since last request: 0.001401 seconds.
  path: Assets/BrokenVector/LowPolyTreePack/Prefabs/Tree Type0 04.prefab
  artifactKey: Guid(8a7cf5ac7b4145441a3dca86f869b09e) Importer(815301076,1909f56bfc062723c751e8b465ee728b)
Start importing Assets/BrokenVector/LowPolyTreePack/Prefabs/Tree Type0 04.prefab using Guid(8a7cf5ac7b4145441a3dca86f869b09e) Importer(815301076,1909f56bfc062723c751e8b465ee728b)  -> (artifact id: 'f4db4ad308ec5ba221454ebf0b64644a') in 0.109009 seconds 
========================================================================
Received Import Request.
  Time since last request: 9.705103 seconds.
  path: Assets/BrokenVector/LowPolyTreePack/Prefabs/Tree Type0 01.prefab
  artifactKey: Guid(aee731a00031fcc4d9d2b075e528e050) Importer(815301076,1909f56bfc062723c751e8b465ee728b)
Start importing Assets/BrokenVector/LowPolyTreePack/Prefabs/Tree Type0 01.prefab using Guid(aee731a00031fcc4d9d2b075e528e050) Importer(815301076,1909f56bfc062723c751e8b465ee728b)  -> (artifact id: '82679c7290fd932251782b0cb54781a2') in 0.052865 seconds 
========================================================================
Received Import Request.
  Time since last request: 0.000057 seconds.
  path: Assets/BrokenVector/LowPolyTreePack/Prefabs/Tree Type0 05.prefab
  artifactKey: Guid(9469bb1d3aa88ca40aa4079e96a27f8e) Importer(815301076,1909f56bfc062723c751e8b465ee728b)
Start importing Assets/BrokenVector/LowPolyTreePack/Prefabs/Tree Type0 05.prefab using Guid(9469bb1d3aa88ca40aa4079e96a27f8e) Importer(815301076,1909f56bfc062723c751e8b465ee728b)  -> (artifact id: '472272ec35b651eff7bac5bacee01e21') in 0.088834 seconds 
========================================================================
Received Import Request.
  Time since last request: 1.483740 seconds.
  path: Assets/BrokenVector/LowPolyTreePack/Prefabs/Tree Type0 06.prefab
  artifactKey: Guid(a9cc5585b9634a9449920c03ec6bc243) Importer(815301076,1909f56bfc062723c751e8b465ee728b)
Start importing Assets/BrokenVector/LowPolyTreePack/Prefabs/Tree Type0 06.prefab using Guid(a9cc5585b9634a9449920c03ec6bc243) Importer(815301076,1909f56bfc062723c751e8b465ee728b)  -> (artifact id: '0f15298caf78e9e2b0449737f030f2cf') in 0.033395 seconds 
========================================================================
Received Import Request.
  Time since last request: 0.000849 seconds.
  path: Assets/BrokenVector/LowPolyTreePack/Prefabs/Tree Type1 02.prefab
  artifactKey: Guid(702740a5e4ac1ee40a1888d3b62faa91) Importer(815301076,1909f56bfc062723c751e8b465ee728b)
Start importing Assets/BrokenVector/LowPolyTreePack/Prefabs/Tree Type1 02.prefab using Guid(702740a5e4ac1ee40a1888d3b62faa91) Importer(815301076,1909f56bfc062723c751e8b465ee728b)  -> (artifact id: '64ea55c24388a18f5e7392e8e7d117bd') in 0.089343 seconds 
========================================================================
Received Import Request.
  Time since last request: 0.000056 seconds.
  path: Assets/BrokenVector/LowPolyTreePack/Prefabs/Tree Type1 04.prefab
  artifactKey: Guid(8ed1fa325ca228645ad26dd6eff14768) Importer(815301076,1909f56bfc062723c751e8b465ee728b)
Start importing Assets/BrokenVector/LowPolyTreePack/Prefabs/Tree Type1 04.prefab using Guid(8ed1fa325ca228645ad26dd6eff14768) Importer(815301076,1909f56bfc062723c751e8b465ee728b)  -> (artifact id: 'd3105cee8888d71e46a7c51872ff20a3') in 0.075712 seconds 
========================================================================
Received Import Request.
  Time since last request: 0.546148 seconds.
  path: Assets/BrokenVector/LowPolyTreePack/Prefabs/Tree Type1 05.prefab
  artifactKey: Guid(76be61eeff2e7164cb99e1cf8cf0c22b) Importer(815301076,1909f56bfc062723c751e8b465ee728b)
Start importing Assets/BrokenVector/LowPolyTreePack/Prefabs/Tree Type1 05.prefab using Guid(76be61eeff2e7164cb99e1cf8cf0c22b) Importer(815301076,1909f56bfc062723c751e8b465ee728b)  -> (artifact id: '9f0b5208cfe16d6fbfda9b4a9632d3de') in 0.086438 seconds 
========================================================================
Received Import Request.
  Time since last request: 0.000051 seconds.
  path: Assets/BrokenVector/LowPolyTreePack/Prefabs/Tree Type2 03.prefab
  artifactKey: Guid(a0c53a09e4a37b5409b1248ebce2c376) Importer(815301076,1909f56bfc062723c751e8b465ee728b)
Start importing Assets/BrokenVector/LowPolyTreePack/Prefabs/Tree Type2 03.prefab using Guid(a0c53a09e4a37b5409b1248ebce2c376) Importer(815301076,1909f56bfc062723c751e8b465ee728b)  -> (artifact id: '6344c9dc2794dc168c72beaf546757b7') in 0.141134 seconds 
========================================================================
Received Import Request.
  Time since last request: 0.000128 seconds.
  path: Assets/BrokenVector/LowPolyTreePack/Prefabs/Tree Type7 01.prefab
  artifactKey: Guid(3fd9507fb16d56044bcf520c1d14427c) Importer(815301076,1909f56bfc062723c751e8b465ee728b)
Start importing Assets/BrokenVector/LowPolyTreePack/Prefabs/Tree Type7 01.prefab using Guid(3fd9507fb16d56044bcf520c1d14427c) Importer(815301076,1909f56bfc062723c751e8b465ee728b)  -> (artifact id: 'bc6b3fd3aa248db6f8d54240f2915b90') in 0.109346 seconds 
========================================================================
Received Import Request.
  Time since last request: 0.000059 seconds.
  path: Assets/BrokenVector/LowPolyTreePack/Prefabs/Tree Type6 01.prefab
  artifactKey: Guid(ec7286e0017272441a3dec9205cb8daf) Importer(815301076,1909f56bfc062723c751e8b465ee728b)
Start importing Assets/BrokenVector/LowPolyTreePack/Prefabs/Tree Type6 01.prefab using Guid(ec7286e0017272441a3dec9205cb8daf) Importer(815301076,1909f56bfc062723c751e8b465ee728b)  -> (artifact id: '2fb1d5f6ddecf06fe4a70249c1ef7ea5') in 0.084024 seconds 
========================================================================
Received Import Request.
  Time since last request: 0.000062 seconds.
  path: Assets/BrokenVector/LowPolyTreePack/Prefabs/Tree Type7 03.prefab
  artifactKey: Guid(2327ed4809c34cf4c97a5316db3d4796) Importer(815301076,1909f56bfc062723c751e8b465ee728b)
Start importing Assets/BrokenVector/LowPolyTreePack/Prefabs/Tree Type7 03.prefab using Guid(2327ed4809c34cf4c97a5316db3d4796) Importer(815301076,1909f56bfc062723c751e8b465ee728b)  -> (artifact id: '833456e48b65fd7ad5bf16d16bceebe0') in 0.177281 seconds 
========================================================================
Received Import Request.
  Time since last request: 0.000071 seconds.
  path: Assets/BrokenVector/LowPolyTreePack/Prefabs/Tree Type3 03.prefab
  artifactKey: Guid(a1d34f7914a1d8148a0ce7262f7ba394) Importer(815301076,1909f56bfc062723c751e8b465ee728b)
Start importing Assets/BrokenVector/LowPolyTreePack/Prefabs/Tree Type3 03.prefab using Guid(a1d34f7914a1d8148a0ce7262f7ba394) Importer(815301076,1909f56bfc062723c751e8b465ee728b)  -> (artifact id: '2bc3a23997bddf0f0fd92a339a12066a') in 0.179016 seconds 
========================================================================
Received Import Request.
  Time since last request: 0.001576 seconds.
  path: Assets/BrokenVector/LowPolyTreePack/Prefabs/Tree Type7 02.prefab
  artifactKey: Guid(107cc8771223daf48be99527559937ff) Importer(815301076,1909f56bfc062723c751e8b465ee728b)
Start importing Assets/BrokenVector/LowPolyTreePack/Prefabs/Tree Type7 02.prefab using Guid(107cc8771223daf48be99527559937ff) Importer(815301076,1909f56bfc062723c751e8b465ee728b)  -> (artifact id: '412dc601028a88ac435f56704c732d70') in 0.155773 seconds 
========================================================================
Received Import Request.
  Time since last request: 0.000087 seconds.
  path: Assets/BrokenVector/LowPolyTreePack/Prefabs/Tree Type3 02.prefab
  artifactKey: Guid(7641c7e8354e2c44cab6432d9d2c6d1b) Importer(815301076,1909f56bfc062723c751e8b465ee728b)
Start importing Assets/BrokenVector/LowPolyTreePack/Prefabs/Tree Type3 02.prefab using Guid(7641c7e8354e2c44cab6432d9d2c6d1b) Importer(815301076,1909f56bfc062723c751e8b465ee728b)  -> (artifact id: 'f8bc76c767e2ad590201754813ac8276') in 0.100543 seconds 
========================================================================
Received Import Request.
  Time since last request: 0.000093 seconds.
  path: Assets/BrokenVector/LowPolyTreePack/Prefabs/Tree Type4 02.prefab
  artifactKey: Guid(38ade0ba7c293f14a9b1b610879e9390) Importer(815301076,1909f56bfc062723c751e8b465ee728b)
Start importing Assets/BrokenVector/LowPolyTreePack/Prefabs/Tree Type4 02.prefab using Guid(38ade0ba7c293f14a9b1b610879e9390) Importer(815301076,1909f56bfc062723c751e8b465ee728b)  -> (artifact id: '7a5b5b413012496c5fe5b8379495c61f') in 0.114607 seconds 
========================================================================
Received Import Request.
  Time since last request: 0.000122 seconds.
  path: Assets/BrokenVector/LowPolyTreePack/Prefabs/Tree Type4 01.prefab
  artifactKey: Guid(fb8ae0828a555f74996970b8d0495f15) Importer(815301076,1909f56bfc062723c751e8b465ee728b)
Start importing Assets/BrokenVector/LowPolyTreePack/Prefabs/Tree Type4 01.prefab using Guid(fb8ae0828a555f74996970b8d0495f15) Importer(815301076,1909f56bfc062723c751e8b465ee728b)  -> (artifact id: 'f3f797bdd6515b5b53c69fbb0fb0cdf6') in 0.103260 seconds 
========================================================================
Received Import Request.
  Time since last request: 0.000128 seconds.
  path: Assets/BrokenVector/LowPolyTreePack/Prefabs/Tree Type3 01.prefab
  artifactKey: Guid(62724a8cd2495b14f930b7129c3bc47b) Importer(815301076,1909f56bfc062723c751e8b465ee728b)
Start importing Assets/BrokenVector/LowPolyTreePack/Prefabs/Tree Type3 01.prefab using Guid(62724a8cd2495b14f930b7129c3bc47b) Importer(815301076,1909f56bfc062723c751e8b465ee728b)  -> (artifact id: 'd0e9bb25cfcd7920772e1bb9a954fbbf') in 0.095066 seconds 
========================================================================
Received Import Request.
  Time since last request: 2.870108 seconds.
  path: Assets/BrokenVector/LowPolyTreePack/Prefabs/Tree Type5 02.prefab
  artifactKey: Guid(446fc4730aadcd04985c8dafaaf0c501) Importer(815301076,1909f56bfc062723c751e8b465ee728b)
Start importing Assets/BrokenVector/LowPolyTreePack/Prefabs/Tree Type5 02.prefab using Guid(446fc4730aadcd04985c8dafaaf0c501) Importer(815301076,1909f56bfc062723c751e8b465ee728b)  -> (artifact id: 'db71f6e4c20c2440eb4dccce66f5a083') in 0.030852 seconds 
========================================================================
Received Import Request.
  Time since last request: 1.393682 seconds.
  path: Assets/BrokenVector/LowPolyTreePack/Prefabs/Tree Type5 01.prefab
  artifactKey: Guid(11d469914a0208343b39f04223416f9c) Importer(815301076,1909f56bfc062723c751e8b465ee728b)
Start importing Assets/BrokenVector/LowPolyTreePack/Prefabs/Tree Type5 01.prefab using Guid(11d469914a0208343b39f04223416f9c) Importer(815301076,1909f56bfc062723c751e8b465ee728b)  -> (artifact id: '43d81be2846241d5c4bbece4cb2a52d9') in 0.044192 seconds 
========================================================================
Received Import Request.
  Time since last request: 0.846830 seconds.
  path: Assets/BrokenVector/LowPolyTreePack/Prefabs/Tree Type4 04.prefab
  artifactKey: Guid(613b4cc8c589ad8458e792ae21891bef) Importer(815301076,1909f56bfc062723c751e8b465ee728b)
Start importing Assets/BrokenVector/LowPolyTreePack/Prefabs/Tree Type4 04.prefab using Guid(613b4cc8c589ad8458e792ae21891bef) Importer(815301076,1909f56bfc062723c751e8b465ee728b)  -> (artifact id: '58060cbf3f4650abb0514df9be792c9f') in 0.025435 seconds 
========================================================================
Received Import Request.
  Time since last request: 526.995423 seconds.
  path: Assets/BrokenVector/LowPolyTreePack/Prefabs/Tree Type0 06.prefab
  artifactKey: Guid(a9cc5585b9634a9449920c03ec6bc243) Importer(815301076,1909f56bfc062723c751e8b465ee728b)
Start importing Assets/BrokenVector/LowPolyTreePack/Prefabs/Tree Type0 06.prefab using Guid(a9cc5585b9634a9449920c03ec6bc243) Importer(815301076,1909f56bfc062723c751e8b465ee728b)  -> (artifact id: '9ff225062f20dbe8e52bca90fdf902a2') in 0.041417 seconds 
========================================================================
Received Import Request.
  Time since last request: 0.000044 seconds.
  path: Assets/BrokenVector/LowPolyTreePack/Prefabs/Tree Type1 03.prefab
  artifactKey: Guid(55ca4401075700d46a23ae8179a79579) Importer(815301076,1909f56bfc062723c751e8b465ee728b)
Start importing Assets/BrokenVector/LowPolyTreePack/Prefabs/Tree Type1 03.prefab using Guid(55ca4401075700d46a23ae8179a79579) Importer(815301076,1909f56bfc062723c751e8b465ee728b)  -> (artifact id: '742a2cacd55b316cc30b66f8642fa423') in 0.043190 seconds 
========================================================================
Received Import Request.
  Time since last request: 0.000060 seconds.
  path: Assets/BrokenVector/LowPolyTreePack/Prefabs/Tree Type1 02.prefab
  artifactKey: Guid(702740a5e4ac1ee40a1888d3b62faa91) Importer(815301076,1909f56bfc062723c751e8b465ee728b)
Start importing Assets/BrokenVector/LowPolyTreePack/Prefabs/Tree Type1 02.prefab using Guid(702740a5e4ac1ee40a1888d3b62faa91) Importer(815301076,1909f56bfc062723c751e8b465ee728b)  -> (artifact id: 'fe027117c123d23a1812df556deb8e70') in 0.068788 seconds 
>>>>>>> main
